<?xml version="1.0" encoding="UTF-8"?>
<!-- Generated by org.testng.reporters.JUnitXMLReporter -->
<testsuite ignored="0" hostname="DESKTOP-LTCA2QI" failures="0" tests="5" name="Test" time="28.181" errors="0" timestamp="2023-05-04T12:27:31 IST">
  <testcase classname="tests.FourTest" name="testFour" time="0.004"/>
  <testcase classname="tests.TwoTest" name="testTwo" time="0.001"/>
  <testcase classname="tests.ThreeTest" name="testThree" time="0.0"/>
  <testcase classname="tests.LoginTest" name="login" time="1.33"/>
  <testcase classname="tests.LoginTest" name="login" time="11.116"/>
</testsuite> <!-- Test -->
